Performing C SOURCE FILE Test CMAKE_HAVE_LIBC_PTHREAD failed with the following output:
Change Dir: /home/nachiket/string_map_record_linkage/build/CMakeFiles/CMakeTmp

Run Build Command(s):/usr/bin/gmake cmTC_e0ec1/fast && /usr/bin/gmake  -f CMakeFiles/cmTC_e0ec1.dir/build.make CMakeFiles/cmTC_e0ec1.dir/build
gmake[1]: Entering directory '/home/nachiket/string_map_record_linkage/build/CMakeFiles/CMakeTmp'
Building C object CMakeFiles/cmTC_e0ec1.dir/src.c.o
/usr/bin/cc   -DCMAKE_HAVE_LIBC_PTHREAD -o CMakeFiles/cmTC_e0ec1.dir/src.c.o -c /home/nachiket/string_map_record_linkage/build/CMakeFiles/CMakeTmp/src.c
Linking C executable cmTC_e0ec1
/usr/bin/cmake -E cmake_link_script CMakeFiles/cmTC_e0ec1.dir/link.txt --verbose=1
/usr/bin/cc  -DCMAKE_HAVE_LIBC_PTHREAD -L/home/nachiket/openssl/lib -Wl,-rpath,/home/nachiket/openssl/lib  -rdynamic CMakeFiles/cmTC_e0ec1.dir/src.c.o -o cmTC_e0ec1 
/usr/bin/ld: CMakeFiles/cmTC_e0ec1.dir/src.c.o: in function `main':
src.c:(.text+0x46): undefined reference to `pthread_create'
/usr/bin/ld: src.c:(.text+0x52): undefined reference to `pthread_detach'
/usr/bin/ld: src.c:(.text+0x5e): undefined reference to `pthread_cancel'
/usr/bin/ld: src.c:(.text+0x6f): undefined reference to `pthread_join'
collect2: error: ld returned 1 exit status
gmake[1]: *** [CMakeFiles/cmTC_e0ec1.dir/build.make:106: cmTC_e0ec1] Error 1
gmake[1]: Leaving directory '/home/nachiket/string_map_record_linkage/build/CMakeFiles/CMakeTmp'
gmake: *** [Makefile:140: cmTC_e0ec1/fast] Error 2


Source file was:
#include <pthread.h>

void* test_func(void* data)
{
  return data;
}

int main(void)
{
  pthread_t thread;
  pthread_create(&thread, NULL, test_func, NULL);
  pthread_detach(thread);
  pthread_cancel(thread);
  pthread_join(thread, NULL);
  pthread_atfork(NULL, NULL, NULL);
  pthread_exit(NULL);

  return 0;
}

Determining if the function pthread_create exists in the pthreads failed with the following output:
Change Dir: /home/nachiket/string_map_record_linkage/build/CMakeFiles/CMakeTmp

Run Build Command(s):/usr/bin/gmake cmTC_ccdff/fast && /usr/bin/gmake  -f CMakeFiles/cmTC_ccdff.dir/build.make CMakeFiles/cmTC_ccdff.dir/build
gmake[1]: Entering directory '/home/nachiket/string_map_record_linkage/build/CMakeFiles/CMakeTmp'
Building C object CMakeFiles/cmTC_ccdff.dir/CheckFunctionExists.c.o
/usr/bin/cc   -DCHECK_FUNCTION_EXISTS=pthread_create -o CMakeFiles/cmTC_ccdff.dir/CheckFunctionExists.c.o -c /usr/share/cmake-3.18/Modules/CheckFunctionExists.c
Linking C executable cmTC_ccdff
/usr/bin/cmake -E cmake_link_script CMakeFiles/cmTC_ccdff.dir/link.txt --verbose=1
/usr/bin/cc  -DCHECK_FUNCTION_EXISTS=pthread_create -L/home/nachiket/openssl/lib -Wl,-rpath,/home/nachiket/openssl/lib  -rdynamic CMakeFiles/cmTC_ccdff.dir/CheckFunctionExists.c.o -o cmTC_ccdff  -lpthreads 
/usr/bin/ld: cannot find -lpthreads
collect2: error: ld returned 1 exit status
gmake[1]: *** [CMakeFiles/cmTC_ccdff.dir/build.make:106: cmTC_ccdff] Error 1
gmake[1]: Leaving directory '/home/nachiket/string_map_record_linkage/build/CMakeFiles/CMakeTmp'
gmake: *** [Makefile:140: cmTC_ccdff/fast] Error 2



Performing C++ SOURCE FILE Test CMAKE_HAVE_LIBC_PTHREAD failed with the following output:
Change Dir: /home/nachiket/string_map_record_linkage/build/CMakeFiles/CMakeTmp

Run Build Command(s):/usr/bin/ninja cmTC_fff7d && [1/2] Building CXX object CMakeFiles/cmTC_fff7d.dir/src.cxx.o
[2/2] Linking CXX executable cmTC_fff7d
FAILED: cmTC_fff7d 
: && /bin/x86_64-linux-gnu-g++-10 -DCMAKE_HAVE_LIBC_PTHREAD -L/home/nachiket/openssl/lib -Wl,-rpath,/home/nachiket/openssl/lib CMakeFiles/cmTC_fff7d.dir/src.cxx.o -o cmTC_fff7d   && :
/usr/bin/ld: CMakeFiles/cmTC_fff7d.dir/src.cxx.o: in function `main':
src.cxx:(.text+0x46): undefined reference to `pthread_create'
/usr/bin/ld: src.cxx:(.text+0x52): undefined reference to `pthread_detach'
/usr/bin/ld: src.cxx:(.text+0x5e): undefined reference to `pthread_cancel'
/usr/bin/ld: src.cxx:(.text+0x6f): undefined reference to `pthread_join'
collect2: error: ld returned 1 exit status
ninja: build stopped: subcommand failed.


Source file was:
#include <pthread.h>

void* test_func(void* data)
{
  return data;
}

int main(void)
{
  pthread_t thread;
  pthread_create(&thread, NULL, test_func, NULL);
  pthread_detach(thread);
  pthread_cancel(thread);
  pthread_join(thread, NULL);
  pthread_atfork(NULL, NULL, NULL);
  pthread_exit(NULL);

  return 0;
}

Determining if the function pthread_create exists in the pthreads failed with the following output:
Change Dir: /home/nachiket/string_map_record_linkage/build/CMakeFiles/CMakeTmp

Run Build Command(s):/usr/bin/ninja cmTC_139b3 && [1/2] Building CXX object CMakeFiles/cmTC_139b3.dir/CheckFunctionExists.cxx.o
[2/2] Linking CXX executable cmTC_139b3
FAILED: cmTC_139b3 
: && /bin/x86_64-linux-gnu-g++-10 -DCHECK_FUNCTION_EXISTS=pthread_create -L/home/nachiket/openssl/lib -Wl,-rpath,/home/nachiket/openssl/lib CMakeFiles/cmTC_139b3.dir/CheckFunctionExists.cxx.o -o cmTC_139b3  -lpthreads && :
/usr/bin/ld: cannot find -lpthreads
collect2: error: ld returned 1 exit status
ninja: build stopped: subcommand failed.



